0 info it worked if it ends with ok
1 verbose cli [ 'C:\\Program Files\\nodejs\\node.exe',
1 verbose cli   'C:\\Program Files\\nodejs\\node_modules\\npm\\bin\\npm-cli.js',
1 verbose cli   'run',
1 verbose cli   'dev' ]
2 info using npm@3.10.9
3 info using node@v6.9.2
4 verbose run-script [ 'predev', 'dev', 'postdev' ]
5 info lifecycle projects@~predev: projects@
6 silly lifecycle projects@~predev: no script for predev, continuing
7 info lifecycle projects@~dev: projects@
8 verbose lifecycle projects@~dev: unsafe-perm in lifecycle true
9 verbose lifecycle projects@~dev: PATH: C:\Program Files\nodejs\node_modules\npm\bin\node-gyp-bin;D:\Diplom\node_modules\.bin;C:\Program Files\ConEmu\ConEmu\Scripts;C:\Program Files\ConEmu;C:\Program Files\ConEmu\ConEmu;C:\Windows\system32;C:\Windows;C:\Windows\System32\Wbem;C:\Windows\System32\WindowsPowerShell\v1.0\;C:\Program Files (x86)\NVIDIA Corporation\PhysX\Common;C:\Program Files\nodejs\;C:\Program Files\Git\cmd;C:\Program Files\MATLAB\R2011a\runtime\win64;C:\Program Files\MATLAB\R2011a\bin;C:\Ruby23-x64\bin;C:\Users\Артём\AppData\Roaming\npm;C:\Users\Артём\AppData\Local\atom\bin
10 verbose lifecycle projects@~dev: CWD: D:\Diplom
11 silly lifecycle projects@~dev: Args: [ '/d /s /c', 'set $MODE=DEBUG && node ./run-dev.js' ]
12 silly lifecycle projects@~dev: Returned: code: 3221225786  signal: null
13 info lifecycle projects@~dev: Failed to exec dev script
14 verbose stack Error: projects@ dev: `set $MODE=DEBUG && node ./run-dev.js`
14 verbose stack Exit status 3221225786
14 verbose stack     at EventEmitter.<anonymous> (C:\Program Files\nodejs\node_modules\npm\lib\utils\lifecycle.js:255:16)
14 verbose stack     at emitTwo (events.js:106:13)
14 verbose stack     at EventEmitter.emit (events.js:191:7)
14 verbose stack     at ChildProcess.<anonymous> (C:\Program Files\nodejs\node_modules\npm\lib\utils\spawn.js:40:14)
14 verbose stack     at emitTwo (events.js:106:13)
14 verbose stack     at ChildProcess.emit (events.js:191:7)
14 verbose stack     at maybeClose (internal/child_process.js:877:16)
14 verbose stack     at Process.ChildProcess._handle.onexit (internal/child_process.js:226:5)
15 verbose pkgid projects@
16 verbose cwd D:\Diplom
17 error Windows_NT 6.3.9600
18 error argv "C:\\Program Files\\nodejs\\node.exe" "C:\\Program Files\\nodejs\\node_modules\\npm\\bin\\npm-cli.js" "run" "dev"
19 error node v6.9.2
20 error npm  v3.10.9
21 error code ELIFECYCLE
22 error projects@ dev: `set $MODE=DEBUG && node ./run-dev.js`
22 error Exit status 3221225786
23 error Failed at the projects@ dev script 'set $MODE=DEBUG && node ./run-dev.js'.
23 error Make sure you have the latest version of node.js and npm installed.
23 error If you do, this is most likely a problem with the projects package,
23 error not with npm itself.
23 error Tell the author that this fails on your system:
23 error     set $MODE=DEBUG && node ./run-dev.js
23 error You can get information on how to open an issue for this project with:
23 error     npm bugs projects
23 error Or if that isn't available, you can get their info via:
23 error     npm owner ls projects
23 error There is likely additional logging output above.
24 verbose exit [ 1, true ]
